<?xml version="1.0" encoding="UTF-8"?>
<!-- Generated by org.testng.reporters.JUnitXMLReporter -->
<testsuite ignored="0" hostname="Nuwan-Bandara" failures="1" tests="1" name="Test" time="4.593" errors="0" timestamp="2022-10-25T10:11:03 BST">
  <testcase classname="com.testAutomation.qa.TestSuites.tc_002_ValidateAddedComputer" name="ValidateAddedComputer" time="1.051">
    <failure type="java.lang.NullPointerException" message="Cannot invoke &amp;quot;com.testAutomation.qa.BusinessComponents.LIB_Detail.bc_VerifyComputerDetails(String, String, String, String, String)&amp;quot; because &amp;quot;this.LIB_Detail&amp;quot; is null">
      <![CDATA[java.lang.NullPointerException: Cannot invoke "com.testAutomation.qa.BusinessComponents.LIB_Detail.bc_VerifyComputerDetails(String, String, String, String, String)" because "this.LIB_Detail" is null
at com.testAutomation.qa.TestSuites.tc_002_ValidateAddedComputer.ValidateAddedComputer(tc_002_ValidateAddedComputer.java:56)
at java.base/java.util.ArrayList.forEach(ArrayList.java:1511)
... Removed 27 stack frames]]>
    </failure>
  </testcase> <!-- ValidateAddedComputer -->
</testsuite> <!-- Test -->
